âœ“ MongoDB connected
2026-02-10 13:53:16 INFO     discord.client logging in using static token

ðŸ”§ Loading cogs...
  âœ“ Loaded cog: info
  âœ“ Loaded cog: profile
  âœ“ Loaded cog: recruitment
  âœ“ Loaded cog: team
  âœ“ Loaded cog: shop
  âœ“ Loaded cog: premium
  âœ“ Loaded cog: economy
  âœ“ Loaded cog: learn
2026-02-10 13:53:19 INFO     discord.gateway Shard ID None has connected to Gateway (Session ID: 55455a0ff26eafdeba8d356974c5774a).

âœ“ Bot logged in as AshTrail'bot#7512
âœ“ Bot ID: 1462311702983868468

ðŸ“‹ Registered Application Commands (21):
  âœ“ /help
  âœ“ /stats
  âœ“ /setup
  âœ“ /start
  âœ“ /profile
  âœ“ /leaderboard
  âœ“ /find
  âœ“ /team
  âœ“ /sell
  âœ“ /myid
  âœ“ /convert
  âœ“ /convert_ai
  âœ“ /pshop
  âœ“ /setup_ai
  âœ“ /temp_chat_ai
  âœ“ /quest
  âœ“ /review
  âœ“ /card
  âœ“ /credits
  âœ“ /credit
  âœ“ /learn

ðŸ”„ Syncing 21 commands to guild 1418172687603204148...
âœ“ Successfully synced 0 command(s)
âœ“ All 21 commands already up-to-date on Discord
2026-02-10 13:58:36 ERROR    discord.ext.commands.bot Ignoring exception in command give
Traceback (most recent call last):
  File "/home/runner/workspace/.pythonlibs/lib/python3.11/site-packages/discord/ext/commands/bot.py", line 1350, in invoke
    await ctx.command.invoke(ctx)
  File "/home/runner/workspace/.pythonlibs/lib/python3.11/site-packages/discord/ext/commands/core.py", line 1021, in invoke
    await self.prepare(ctx)
  File "/home/runner/workspace/.pythonlibs/lib/python3.11/site-packages/discord/ext/commands/core.py", line 938, in prepare
    await self._parse_arguments(ctx)
  File "/home/runner/workspace/.pythonlibs/lib/python3.11/site-packages/discord/ext/commands/core.py", line 845, in _parse_arguments
    transformed = await self.transform(ctx, param, attachments)
                  ^^^^^^^^^^^^^^^^^^^^^^^^^^^^^^^^^^^^^^^^^^^^^
  File "/home/runner/workspace/.pythonlibs/lib/python3.11/site-packages/discord/ext/commands/core.py", line 697, in transform
    raise MissingRequiredArgument(param)
discord.ext.commands.errors.MissingRequiredArgument: member is a required argument that is missing.
2026-02-10 13:59:15 ERROR    discord.app_commands.tree Ignoring exception in command 'credit'
Traceback (most recent call last):
  File "/home/runner/workspace/.pythonlibs/lib/python3.11/site-packages/discord/app_commands/commands.py", line 827, in _do_call
    return await self._callback(self.binding, interaction, **params)  # type: ignore
           ^^^^^^^^^^^^^^^^^^^^^^^^^^^^^^^^^^^^^^^^^^^^^^^^^^^^^^^^^
  File "/home/runner/workspace/cogs/economy.py", line 223, in credit_alias_cmd
    await self.credits_cmd(interaction)
          ^^^^^^^^^^^^^^^^^^^^^^^^^^^^^
TypeError: 'Command' object is not callable

The above exception was the direct cause of the following exception:

Traceback (most recent call last):
  File "/home/runner/workspace/.pythonlibs/lib/python3.11/site-packages/discord/app_commands/tree.py", line 1248, in _call
    await command._invoke_with_namespace(interaction, namespace)
  File "/home/runner/workspace/.pythonlibs/lib/python3.11/site-packages/discord/app_commands/commands.py", line 853, in _invoke_with_namespace
    return await self._do_call(interaction, transformed_values)
           ^^^^^^^^^^^^^^^^^^^^^^^^^^^^^^^^^^^^^^^^^^^^^^^^^^^^
  File "/home/runner/workspace/.pythonlibs/lib/python3.11/site-packages/discord/app_commands/commands.py", line 842, in _do_call
    raise CommandInvokeError(self, e) from e
discord.app_commands.errors.CommandInvokeError: Command 'credit' raised an exception: TypeError: 'Command' object is not callable
2026-02-10 14:00:01 ERROR    discord.app_commands.tree Ignoring exception in command 'convert'
Traceback (most recent call last):
  File "/home/runner/workspace/.pythonlibs/lib/python3.11/site-packages/discord/app_commands/commands.py", line 827, in _do_call
    return await self._callback(self.binding, interaction, **params)  # type: ignore
           ^^^^^^^^^^^^^^^^^^^^^^^^^^^^^^^^^^^^^^^^^^^^^^^^^^^^^^^^^
  File "/home/runner/workspace/cogs/premium.py", line 108, in convert
    await interaction.response.send_message(f"âœ… Converted {total_cost} Credits to **{amount} pCredit(s)**!", ephemeral=True)
  File "/home/runner/workspace/.pythonlibs/lib/python3.11/site-packages/discord/interactions.py", line 801, in send_message
    await adapter.create_interaction_response(
  File "/home/runner/workspace/.pythonlibs/lib/python3.11/site-packages/discord/webhook/async_.py", line 219, in request
    raise NotFound(response, data)
discord.errors.NotFound: 404 Not Found (error code: 10062): Unknown interaction

The above exception was the direct cause of the following exception:

Traceback (most recent call last):
  File "/home/runner/workspace/.pythonlibs/lib/python3.11/site-packages/discord/app_commands/tree.py", line 1248, in _call
    await command._invoke_with_namespace(interaction, namespace)
  File "/home/runner/workspace/.pythonlibs/lib/python3.11/site-packages/discord/app_commands/commands.py", line 853, in _invoke_with_namespace
    return await self._do_call(interaction, transformed_values)
           ^^^^^^^^^^^^^^^^^^^^^^^^^^^^^^^^^^^^^^^^^^^^^^^^^^^^
  File "/home/runner/workspace/.pythonlibs/lib/python3.11/site-packages/discord/app_commands/commands.py", line 846, in _do_call
    raise CommandInvokeError(self, e) from e
discord.app_commands.errors.CommandInvokeError: Command 'convert' raised an exception: NotFound: 404 Not Found (error code: 10062): Unknown interaction
2026-02-10 14:00:20 ERROR    discord.app_commands.tree Ignoring exception in command 'credit'
Traceback (most recent call last):
  File "/home/runner/workspace/.pythonlibs/lib/python3.11/site-packages/discord/app_commands/commands.py", line 827, in _do_call
    return await self._callback(self.binding, interaction, **params)  # type: ignore
           ^^^^^^^^^^^^^^^^^^^^^^^^^^^^^^^^^^^^^^^^^^^^^^^^^^^^^^^^^
  File "/home/runner/workspace/cogs/economy.py", line 223, in credit_alias_cmd
    await self.credits_cmd(interaction)
          ^^^^^^^^^^^^^^^^^^^^^^^^^^^^^
TypeError: 'Command' object is not callable

The above exception was the direct cause of the following exception:

Traceback (most recent call last):
  File "/home/runner/workspace/.pythonlibs/lib/python3.11/site-packages/discord/app_commands/tree.py", line 1248, in _call
    await command._invoke_with_namespace(interaction, namespace)
  File "/home/runner/workspace/.pythonlibs/lib/python3.11/site-packages/discord/app_commands/commands.py", line 853, in _invoke_with_namespace
    return await self._do_call(interaction, transformed_values)
           ^^^^^^^^^^^^^^^^^^^^^^^^^^^^^^^^^^^^^^^^^^^^^^^^^^^^
  File "/home/runner/workspace/.pythonlibs/lib/python3.11/site-packages/discord/app_commands/commands.py", line 842, in _do_call
    raise CommandInvokeError(self, e) from e
discord.app_commands.errors.CommandInvokeError: Command 'credit' raised an exception: TypeError: 'Command' object is not callable
2026-02-10 14:05:37 ERROR    discord.app_commands.tree Ignoring exception in command 'convert'
Traceback (most recent call last):
  File "/home/runner/workspace/.pythonlibs/lib/python3.11/site-packages/discord/app_commands/commands.py", line 827, in _do_call
    return await self._callback(self.binding, interaction, **params)  # type: ignore
           ^^^^^^^^^^^^^^^^^^^^^^^^^^^^^^^^^^^^^^^^^^^^^^^^^^^^^^^^^
  File "/home/runner/workspace/cogs/premium.py", line 108, in convert
    await interaction.response.send_message(f"âœ… Converted {total_cost} Credits to **{amount} pCredit(s)**!", ephemeral=True)
  File "/home/runner/workspace/.pythonlibs/lib/python3.11/site-packages/discord/interactions.py", line 801, in send_message
    await adapter.create_interaction_response(
  File "/home/runner/workspace/.pythonlibs/lib/python3.11/site-packages/discord/webhook/async_.py", line 219, in request
    raise NotFound(response, data)
discord.errors.NotFound: 404 Not Found (error code: 10062): Unknown interaction

The above exception was the direct cause of the following exception:

Traceback (most recent call last):
  File "/home/runner/workspace/.pythonlibs/lib/python3.11/site-packages/discord/app_commands/tree.py", line 1248, in _call
    await command._invoke_with_namespace(interaction, namespace)
  File "/home/runner/workspace/.pythonlibs/lib/python3.11/site-packages/discord/app_commands/commands.py", line 853, in _invoke_with_namespace
    return await self._do_call(interaction, transformed_values)
           ^^^^^^^^^^^^^^^^^^^^^^^^^^^^^^^^^^^^^^^^^^^^^^^^^^^^
  File "/home/runner/workspace/.pythonlibs/lib/python3.11/site-packages/discord/app_commands/commands.py", line 846, in _do_call
    raise CommandInvokeError(self, e) from e
discord.app_commands.errors.CommandInvokeError: Command 'convert' raised an exception: NotFound: 404 Not Found (error code: 10062): Unknown interaction
2026-02-10 14:06:42 ERROR    discord.app_commands.tree Ignoring exception in command 'credit'
Traceback (most recent call last):
  File "/home/runner/workspace/.pythonlibs/lib/python3.11/site-packages/discord/app_commands/commands.py", line 827, in _do_call
    return await self._callback(self.binding, interaction, **params)  # type: ignore
           ^^^^^^^^^^^^^^^^^^^^^^^^^^^^^^^^^^^^^^^^^^^^^^^^^^^^^^^^^
  File "/home/runner/workspace/cogs/economy.py", line 223, in credit_alias_cmd
    await self.credits_cmd(interaction)
          ^^^^^^^^^^^^^^^^^^^^^^^^^^^^^
TypeError: 'Command' object is not callable

The above exception was the direct cause of the following exception:

Traceback (most recent call last):
  File "/home/runner/workspace/.pythonlibs/lib/python3.11/site-packages/discord/app_commands/tree.py", line 1248, in _call
    await command._invoke_with_namespace(interaction, namespace)
  File "/home/runner/workspace/.pythonlibs/lib/python3.11/site-packages/discord/app_commands/commands.py", line 853, in _invoke_with_namespace
    return await self._do_call(interaction, transformed_values)
           ^^^^^^^^^^^^^^^^^^^^^^^^^^^^^^^^^^^^^^^^^^^^^^^^^^^^
  File "/home/runner/workspace/.pythonlibs/lib/python3.11/site-packages/discord/app_commands/commands.py", line 842, in _do_call
    raise CommandInvokeError(self, e) from e
discord.app_commands.errors.CommandInvokeError: Command 'credit' raised an exception: TypeError: 'Command' object is not callable
2026-02-10 14:07:38 ERROR    discord.app_commands.tree Ignoring exception in command 'convert_ai'
Traceback (most recent call last):
  File "/home/runner/workspace/.pythonlibs/lib/python3.11/site-packages/discord/app_commands/commands.py", line 827, in _do_call
    return await self._callback(self.binding, interaction, **params)  # type: ignore
           ^^^^^^^^^^^^^^^^^^^^^^^^^^^^^^^^^^^^^^^^^^^^^^^^^^^^^^^^^
  File "/home/runner/workspace/cogs/premium.py", line 121, in convert_ai
    await interaction.response.send_message(f"âœ… Converted {amount} pCredit(s) to **{amount * PCREDIT_TO_AICREDIT_RATE} AI Credits**!", ephemeral=True)
  File "/home/runner/workspace/.pythonlibs/lib/python3.11/site-packages/discord/interactions.py", line 801, in send_message
    await adapter.create_interaction_response(
  File "/home/runner/workspace/.pythonlibs/lib/python3.11/site-packages/discord/webhook/async_.py", line 219, in request
    raise NotFound(response, data)
discord.errors.NotFound: 404 Not Found (error code: 10062): Unknown interaction

The above exception was the direct cause of the following exception:

Traceback (most recent call last):
  File "/home/runner/workspace/.pythonlibs/lib/python3.11/site-packages/discord/app_commands/tree.py", line 1248, in _call
    await command._invoke_with_namespace(interaction, namespace)
  File "/home/runner/workspace/.pythonlibs/lib/python3.11/site-packages/discord/app_commands/commands.py", line 853, in _invoke_with_namespace
    return await self._do_call(interaction, transformed_values)
           ^^^^^^^^^^^^^^^^^^^^^^^^^^^^^^^^^^^^^^^^^^^^^^^^^^^^
  File "/home/runner/workspace/.pythonlibs/lib/python3.11/site-packages/discord/app_commands/commands.py", line 846, in _do_call
    raise CommandInvokeError(self, e) from e
discord.app_commands.errors.CommandInvokeError: Command 'convert_ai' raised an exception: NotFound: 404 Not Found (error code: 10062): Unknown interaction
2026-02-10 14:07:48 ERROR    discord.app_commands.tree Ignoring exception in command 'convert_ai'
Traceback (most recent call last):
  File "/home/runner/workspace/.pythonlibs/lib/python3.11/site-packages/discord/app_commands/commands.py", line 827, in _do_call
    return await self._callback(self.binding, interaction, **params)  # type: ignore
           ^^^^^^^^^^^^^^^^^^^^^^^^^^^^^^^^^^^^^^^^^^^^^^^^^^^^^^^^^
  File "/home/runner/workspace/cogs/premium.py", line 121, in convert_ai
    await interaction.response.send_message(f"âœ… Converted {amount} pCredit(s) to **{amount * PCREDIT_TO_AICREDIT_RATE} AI Credits**!", ephemeral=True)
  File "/home/runner/workspace/.pythonlibs/lib/python3.11/site-packages/discord/interactions.py", line 801, in send_message
    await adapter.create_interaction_response(
  File "/home/runner/workspace/.pythonlibs/lib/python3.11/site-packages/discord/webhook/async_.py", line 219, in request
    raise NotFound(response, data)
discord.errors.NotFound: 404 Not Found (error code: 10062): Unknown interaction

The above exception was the direct cause of the following exception:

Traceback (most recent call last):
  File "/home/runner/workspace/.pythonlibs/lib/python3.11/site-packages/discord/app_commands/tree.py", line 1248, in _call
    await command._invoke_with_namespace(interaction, namespace)
  File "/home/runner/workspace/.pythonlibs/lib/python3.11/site-packages/discord/app_commands/commands.py", line 853, in _invoke_with_namespace
    return await self._do_call(interaction, transformed_values)
           ^^^^^^^^^^^^^^^^^^^^^^^^^^^^^^^^^^^^^^^^^^^^^^^^^^^^
  File "/home/runner/workspace/.pythonlibs/lib/python3.11/site-packages/discord/app_commands/commands.py", line 846, in _do_call
    raise CommandInvokeError(self, e) from e
discord.app_commands.errors.CommandInvokeError: Command 'convert_ai' raised an exception: NotFound: 404 Not Found (error code: 10062): Unknown interaction
2026-02-10 14:08:02 ERROR    discord.app_commands.tree Ignoring exception in command 'convert_ai'
Traceback (most recent call last):
  File "/home/runner/workspace/.pythonlibs/lib/python3.11/site-packages/discord/app_commands/commands.py", line 827, in _do_call
    return await self._callback(self.binding, interaction, **params)  # type: ignore
           ^^^^^^^^^^^^^^^^^^^^^^^^^^^^^^^^^^^^^^^^^^^^^^^^^^^^^^^^^
  File "/home/runner/workspace/cogs/premium.py", line 121, in convert_ai
    await interaction.response.send_message(f"âœ… Converted {amount} pCredit(s) to **{amount * PCREDIT_TO_AICREDIT_RATE} AI Credits**!", ephemeral=True)
  File "/home/runner/workspace/.pythonlibs/lib/python3.11/site-packages/discord/interactions.py", line 801, in send_message
    await adapter.create_interaction_response(
  File "/home/runner/workspace/.pythonlibs/lib/python3.11/site-packages/discord/webhook/async_.py", line 219, in request
    raise NotFound(response, data)
discord.errors.NotFound: 404 Not Found (error code: 10062): Unknown interaction

The above exception was the direct cause of the following exception:

Traceback (most recent call last):
  File "/home/runner/workspace/.pythonlibs/lib/python3.11/site-packages/discord/app_commands/tree.py", line 1248, in _call
    await command._invoke_with_namespace(interaction, namespace)
  File "/home/runner/workspace/.pythonlibs/lib/python3.11/site-packages/discord/app_commands/commands.py", line 853, in _invoke_with_namespace
    return await self._do_call(interaction, transformed_values)
           ^^^^^^^^^^^^^^^^^^^^^^^^^^^^^^^^^^^^^^^^^^^^^^^^^^^^
  File "/home/runner/workspace/.pythonlibs/lib/python3.11/site-packages/discord/app_commands/commands.py", line 846, in _do_call
    raise CommandInvokeError(self, e) from e
discord.app_commands.errors.CommandInvokeError: Command 'convert_ai' raised an exception: NotFound: 404 Not Found (error code: 10062): Unknown interaction
2026-02-10 14:11:35 ERROR    discord.ext.commands.bot Ignoring exception in command give
Traceback (most recent call last):
  File "/home/runner/workspace/.pythonlibs/lib/python3.11/site-packages/discord/ext/commands/converter.py", line 1246, in _actual_conversion
    return converter(argument)
           ^^^^^^^^^^^^^^^^^^^
ValueError: invalid literal for int() with base 10: 'credit'

The above exception was the direct cause of the following exception:

Traceback (most recent call last):
  File "/home/runner/workspace/.pythonlibs/lib/python3.11/site-packages/discord/ext/commands/bot.py", line 1350, in invoke
    await ctx.command.invoke(ctx)
  File "/home/runner/workspace/.pythonlibs/lib/python3.11/site-packages/discord/ext/commands/core.py", line 1021, in invoke
    await self.prepare(ctx)
  File "/home/runner/workspace/.pythonlibs/lib/python3.11/site-packages/discord/ext/commands/core.py", line 938, in prepare
    await self._parse_arguments(ctx)
  File "/home/runner/workspace/.pythonlibs/lib/python3.11/site-packages/discord/ext/commands/core.py", line 845, in _parse_arguments
    transformed = await self.transform(ctx, param, attachments)
                  ^^^^^^^^^^^^^^^^^^^^^^^^^^^^^^^^^^^^^^^^^^^^^
  File "/home/runner/workspace/.pythonlibs/lib/python3.11/site-packages/discord/ext/commands/core.py", line 715, in transform
    return await run_converters(ctx, converter, argument, param)  # type: ignore
           ^^^^^^^^^^^^^^^^^^^^^^^^^^^^^^^^^^^^^^^^^^^^^^^^^^^^^
  File "/home/runner/workspace/.pythonlibs/lib/python3.11/site-packages/discord/ext/commands/converter.py", line 1355, in run_converters
    return await _actual_conversion(ctx, converter, argument, param)
           ^^^^^^^^^^^^^^^^^^^^^^^^^^^^^^^^^^^^^^^^^^^^^^^^^^^^^^^^^
  File "/home/runner/workspace/.pythonlibs/lib/python3.11/site-packages/discord/ext/commands/converter.py", line 1255, in _actual_conversion
    raise BadArgument(f'Converting to "{name}" failed for parameter "{param.name}".') from exc
discord.ext.commands.errors.BadArgument: Converting to "int" failed for parameter "amount".
2026-02-10 14:13:59 ERROR    discord.ext.commands.bot Ignoring exception in command give
Traceback (most recent call last):
  File "/home/runner/workspace/.pythonlibs/lib/python3.11/site-packages/discord/ext/commands/bot.py", line 1350, in invoke
    await ctx.command.invoke(ctx)
  File "/home/runner/workspace/.pythonlibs/lib/python3.11/site-packages/discord/ext/commands/core.py", line 1021, in invoke
    await self.prepare(ctx)
  File "/home/runner/workspace/.pythonlibs/lib/python3.11/site-packages/discord/ext/commands/core.py", line 925, in prepare
    if not await self.can_run(ctx):
           ^^^^^^^^^^^^^^^^^^^^^^^
  File "/home/runner/workspace/.pythonlibs/lib/python3.11/site-packages/discord/ext/commands/core.py", line 1288, in can_run
    return await discord.utils.async_all(predicate(ctx) for predicate in predicates)
           ^^^^^^^^^^^^^^^^^^^^^^^^^^^^^^^^^^^^^^^^^^^^^^^^^^^^^^^^^^^^^^^^^^^^^^^^^
  File "/home/runner/workspace/.pythonlibs/lib/python3.11/site-packages/discord/utils.py", line 703, in async_all
    for elem in gen:
  File "/home/runner/workspace/.pythonlibs/lib/python3.11/site-packages/discord/ext/commands/core.py", line 1288, in <genexpr>
    return await discord.utils.async_all(predicate(ctx) for predicate in predicates)
                                         ^^^^^^^^^^^^^^
  File "/home/runner/workspace/.pythonlibs/lib/python3.11/site-packages/discord/ext/commands/core.py", line 2210, in predicate
    raise MissingPermissions(missing)
discord.ext.commands.errors.MissingPermissions: You are missing Administrator permission(s) to run this command.
2026-02-10 14:14:38 ERROR    discord.app_commands.tree Ignoring exception in command 'convert'
Traceback (most recent call last):
  File "/home/runner/workspace/.pythonlibs/lib/python3.11/site-packages/discord/app_commands/commands.py", line 827, in _do_call
    return await self._callback(self.binding, interaction, **params)  # type: ignore
           ^^^^^^^^^^^^^^^^^^^^^^^^^^^^^^^^^^^^^^^^^^^^^^^^^^^^^^^^^
  File "/home/runner/workspace/cogs/premium.py", line 108, in convert
    await interaction.response.send_message(f"âœ… Converted {total_cost} Credits to **{amount} pCredit(s)**!", ephemeral=True)
  File "/home/runner/workspace/.pythonlibs/lib/python3.11/site-packages/discord/interactions.py", line 801, in send_message
    await adapter.create_interaction_response(
  File "/home/runner/workspace/.pythonlibs/lib/python3.11/site-packages/discord/webhook/async_.py", line 219, in request
    raise NotFound(response, data)
discord.errors.NotFound: 404 Not Found (error code: 10062): Unknown interaction

The above exception was the direct cause of the following exception:

Traceback (most recent call last):
  File "/home/runner/workspace/.pythonlibs/lib/python3.11/site-packages/discord/app_commands/tree.py", line 1248, in _call
    await command._invoke_with_namespace(interaction, namespace)
  File "/home/runner/workspace/.pythonlibs/lib/python3.11/site-packages/discord/app_commands/commands.py", line 853, in _invoke_with_namespace
    return await self._do_call(interaction, transformed_values)
           ^^^^^^^^^^^^^^^^^^^^^^^^^^^^^^^^^^^^^^^^^^^^^^^^^^^^
  File "/home/runner/workspace/.pythonlibs/lib/python3.11/site-packages/discord/app_commands/commands.py", line 846, in _do_call
    raise CommandInvokeError(self, e) from e
discord.app_commands.errors.CommandInvokeError: Command 'convert' raised an exception: NotFound: 404 Not Found (error code: 10062): Unknown interaction
2026-02-10 14:16:05 ERROR    discord.ext.commands.bot Ignoring exception in command give
Traceback (most recent call last):
  File "/home/runner/workspace/.pythonlibs/lib/python3.11/site-packages/discord/ext/commands/bot.py", line 1350, in invoke
    await ctx.command.invoke(ctx)
  File "/home/runner/workspace/.pythonlibs/lib/python3.11/site-packages/discord/ext/commands/core.py", line 1021, in invoke
    await self.prepare(ctx)
  File "/home/runner/workspace/.pythonlibs/lib/python3.11/site-packages/discord/ext/commands/core.py", line 925, in prepare
    if not await self.can_run(ctx):
           ^^^^^^^^^^^^^^^^^^^^^^^
  File "/home/runner/workspace/.pythonlibs/lib/python3.11/site-packages/discord/ext/commands/core.py", line 1288, in can_run
    return await discord.utils.async_all(predicate(ctx) for predicate in predicates)
           ^^^^^^^^^^^^^^^^^^^^^^^^^^^^^^^^^^^^^^^^^^^^^^^^^^^^^^^^^^^^^^^^^^^^^^^^^
  File "/home/runner/workspace/.pythonlibs/lib/python3.11/site-packages/discord/utils.py", line 703, in async_all
    for elem in gen:
  File "/home/runner/workspace/.pythonlibs/lib/python3.11/site-packages/discord/ext/commands/core.py", line 1288, in <genexpr>
    return await discord.utils.async_all(predicate(ctx) for predicate in predicates)
                                         ^^^^^^^^^^^^^^
  File "/home/runner/workspace/.pythonlibs/lib/python3.11/site-packages/discord/ext/commands/core.py", line 2210, in predicate
    raise MissingPermissions(missing)
discord.ext.commands.errors.MissingPermissions: You are missing Administrator permission(s) to run this command.
2026-02-10 14:16:16 ERROR    discord.app_commands.tree Ignoring exception in command 'convert_ai'
Traceback (most recent call last):
  File "/home/runner/workspace/.pythonlibs/lib/python3.11/site-packages/discord/app_commands/commands.py", line 827, in _do_call
    return await self._callback(self.binding, interaction, **params)  # type: ignore
           ^^^^^^^^^^^^^^^^^^^^^^^^^^^^^^^^^^^^^^^^^^^^^^^^^^^^^^^^^
  File "/home/runner/workspace/cogs/premium.py", line 121, in convert_ai
    await interaction.response.send_message(f"âœ… Converted {amount} pCredit(s) to **{amount * PCREDIT_TO_AICREDIT_RATE} AI Credits**!", ephemeral=True)
  File "/home/runner/workspace/.pythonlibs/lib/python3.11/site-packages/discord/interactions.py", line 801, in send_message
    await adapter.create_interaction_response(
  File "/home/runner/workspace/.pythonlibs/lib/python3.11/site-packages/discord/webhook/async_.py", line 219, in request
    raise NotFound(response, data)
discord.errors.NotFound: 404 Not Found (error code: 10062): Unknown interaction

The above exception was the direct cause of the following exception:

Traceback (most recent call last):
  File "/home/runner/workspace/.pythonlibs/lib/python3.11/site-packages/discord/app_commands/tree.py", line 1248, in _call
    await command._invoke_with_namespace(interaction, namespace)
  File "/home/runner/workspace/.pythonlibs/lib/python3.11/site-packages/discord/app_commands/commands.py", line 853, in _invoke_with_namespace
    return await self._do_call(interaction, transformed_values)
           ^^^^^^^^^^^^^^^^^^^^^^^^^^^^^^^^^^^^^^^^^^^^^^^^^^^^
  File "/home/runner/workspace/.pythonlibs/lib/python3.11/site-packages/discord/app_commands/commands.py", line 846, in _do_call
    raise CommandInvokeError(self, e) from e
discord.app_commands.errors.CommandInvokeError: Command 'convert_ai' raised an exception: NotFound: 404 Not Found (error code: 10062): Unknown interaction
2026-02-10 14:16:37 ERROR    discord.ext.commands.bot Ignoring exception in command sync
Traceback (most recent call last):
  File "/home/runner/workspace/.pythonlibs/lib/python3.11/site-packages/discord/ext/commands/bot.py", line 1350, in invoke
    await ctx.command.invoke(ctx)
  File "/home/runner/workspace/.pythonlibs/lib/python3.11/site-packages/discord/ext/commands/core.py", line 1021, in invoke
    await self.prepare(ctx)
  File "/home/runner/workspace/.pythonlibs/lib/python3.11/site-packages/discord/ext/commands/core.py", line 925, in prepare
    if not await self.can_run(ctx):
           ^^^^^^^^^^^^^^^^^^^^^^^
  File "/home/runner/workspace/.pythonlibs/lib/python3.11/site-packages/discord/ext/commands/core.py", line 1288, in can_run
    return await discord.utils.async_all(predicate(ctx) for predicate in predicates)
           ^^^^^^^^^^^^^^^^^^^^^^^^^^^^^^^^^^^^^^^^^^^^^^^^^^^^^^^^^^^^^^^^^^^^^^^^^
  File "/home/runner/workspace/.pythonlibs/lib/python3.11/site-packages/discord/utils.py", line 705, in async_all
    elem = await elem
           ^^^^^^^^^^
  File "/home/runner/workspace/.pythonlibs/lib/python3.11/site-packages/discord/ext/commands/core.py", line 2377, in predicate
    raise NotOwner('You do not own this bot.')
discord.ext.commands.errors.NotOwner: You do not own this bot.
2026-02-10 14:17:04 ERROR    discord.app_commands.tree Ignoring exception in command 'convert'
Traceback (most recent call last):
  File "/home/runner/workspace/.pythonlibs/lib/python3.11/site-packages/discord/app_commands/commands.py", line 827, in _do_call
    return await self._callback(self.binding, interaction, **params)  # type: ignore
           ^^^^^^^^^^^^^^^^^^^^^^^^^^^^^^^^^^^^^^^^^^^^^^^^^^^^^^^^^
  File "/home/runner/workspace/cogs/premium.py", line 108, in convert
    await interaction.response.send_message(f"âœ… Converted {total_cost} Credits to **{amount} pCredit(s)**!", ephemeral=True)
  File "/home/runner/workspace/.pythonlibs/lib/python3.11/site-packages/discord/interactions.py", line 801, in send_message
    await adapter.create_interaction_response(
  File "/home/runner/workspace/.pythonlibs/lib/python3.11/site-packages/discord/webhook/async_.py", line 219, in request
    raise NotFound(response, data)
discord.errors.NotFound: 404 Not Found (error code: 10062): Unknown interaction

The above exception was the direct cause of the following exception:

Traceback (most recent call last):
  File "/home/runner/workspace/.pythonlibs/lib/python3.11/site-packages/discord/app_commands/tree.py", line 1248, in _call
    await command._invoke_with_namespace(interaction, namespace)
  File "/home/runner/workspace/.pythonlibs/lib/python3.11/site-packages/discord/app_commands/commands.py", line 853, in _invoke_with_namespace
    return await self._do_call(interaction, transformed_values)
           ^^^^^^^^^^^^^^^^^^^^^^^^^^^^^^^^^^^^^^^^^^^^^^^^^^^^
  File "/home/runner/workspace/.pythonlibs/lib/python3.11/site-packages/discord/app_commands/commands.py", line 846, in _do_call
    raise CommandInvokeError(self, e) from e
discord.app_commands.errors.CommandInvokeError: Command 'convert' raised an exception: NotFound: 404 Not Found (error code: 10062): Unknown interaction
2026-02-10 14:17:41 ERROR    discord.client Ignoring exception in on_message
Traceback (most recent call last):
  File "/home/runner/workspace/.pythonlibs/lib/python3.11/site-packages/discord/client.py", line 441, in _run_event
    await coro(*args, **kwargs)
  File "/home/runner/workspace/cogs/premium.py", line 192, in on_message
    await message.reply(response)
  File "/home/runner/workspace/.pythonlibs/lib/python3.11/site-packages/discord/message.py", line 1384, in reply
    return await self.channel.send(content, reference=self, **kwargs)
           ^^^^^^^^^^^^^^^^^^^^^^^^^^^^^^^^^^^^^^^^^^^^^^^^^^^^^^^^^^
  File "/home/runner/workspace/.pythonlibs/lib/python3.11/site-packages/discord/abc.py", line 1561, in send
    data = await state.http.send_message(channel.id, params=params)
           ^^^^^^^^^^^^^^^^^^^^^^^^^^^^^^^^^^^^^^^^^^^^^^^^^^^^^^^^
  File "/home/runner/workspace/.pythonlibs/lib/python3.11/site-packages/discord/http.py", line 745, in request
    raise HTTPException(response, data)
discord.errors.HTTPException: 400 Bad Request (error code: 50035): Invalid Form Body
In content: Must be 4000 or fewer in length.
2026-02-10 14:19:16 ERROR    discord.client Ignoring exception in on_message
Traceback (most recent call last):
  File "/home/runner/workspace/.pythonlibs/lib/python3.11/site-packages/discord/client.py", line 441, in _run_event
    await coro(*args, **kwargs)
  File "/home/runner/workspace/cogs/premium.py", line 192, in on_message
    await message.reply(response)
  File "/home/runner/workspace/.pythonlibs/lib/python3.11/site-packages/discord/message.py", line 1384, in reply
    return await self.channel.send(content, reference=self, **kwargs)
           ^^^^^^^^^^^^^^^^^^^^^^^^^^^^^^^^^^^^^^^^^^^^^^^^^^^^^^^^^^
  File "/home/runner/workspace/.pythonlibs/lib/python3.11/site-packages/discord/abc.py", line 1561, in send
    data = await state.http.send_message(channel.id, params=params)
           ^^^^^^^^^^^^^^^^^^^^^^^^^^^^^^^^^^^^^^^^^^^^^^^^^^^^^^^^
  File "/home/runner/workspace/.pythonlibs/lib/python3.11/site-packages/discord/http.py", line 745, in request
    raise HTTPException(response, data)
discord.errors.HTTPException: 400 Bad Request (error code: 50035): Invalid Form Body
In content: Must be 4000 or fewer in length.
âœ“ Assigned role Scripter to anil022766
âœ“ Assigned role UI Designer to anil022766
âœ“ Assigned role Scripter to hsusulist
âœ“ Assigned role Animator to hsusulist
2026-02-10 14:25:17 INFO     discord.gateway Shard ID None has successfully RESUMED session 55455a0ff26eafdeba8d356974c5774a.
2026-02-10 14:26:32 ERROR    discord.app_commands.tree Ignoring exception in command 'convert_ai'
Traceback (most recent call last):
  File "/home/runner/workspace/.pythonlibs/lib/python3.11/site-packages/discord/app_commands/commands.py", line 827, in _do_call
    return await self._callback(self.binding, interaction, **params)  # type: ignore
           ^^^^^^^^^^^^^^^^^^^^^^^^^^^^^^^^^^^^^^^^^^^^^^^^^^^^^^^^^
  File "/home/runner/workspace/cogs/premium.py", line 121, in convert_ai
    await interaction.response.send_message(f"âœ… Converted {amount} pCredit(s) to **{amount * PCREDIT_TO_AICREDIT_RATE} AI Credits**!", ephemeral=True)
  File "/home/runner/workspace/.pythonlibs/lib/python3.11/site-packages/discord/interactions.py", line 801, in send_message
    await adapter.create_interaction_response(
  File "/home/runner/workspace/.pythonlibs/lib/python3.11/site-packages/discord/webhook/async_.py", line 219, in request
    raise NotFound(response, data)
discord.errors.NotFound: 404 Not Found (error code: 10062): Unknown interaction

The above exception was the direct cause of the following exception:

Traceback (most recent call last):
  File "/home/runner/workspace/.pythonlibs/lib/python3.11/site-packages/discord/app_commands/tree.py", line 1248, in _call
    await command._invoke_with_namespace(interaction, namespace)
  File "/home/runner/workspace/.pythonlibs/lib/python3.11/site-packages/discord/app_commands/commands.py", line 853, in _invoke_with_namespace
    return await self._do_call(interaction, transformed_values)
           ^^^^^^^^^^^^^^^^^^^^^^^^^^^^^^^^^^^^^^^^^^^^^^^^^^^^
  File "/home/runner/workspace/.pythonlibs/lib/python3.11/site-packages/discord/app_commands/commands.py", line 846, in _do_call
    raise CommandInvokeError(self, e) from e
discord.app_commands.errors.CommandInvokeError: Command 'convert_ai' raised an exception: NotFound: 404 Not Found (error code: 10062): Unknown interaction
2026-02-10 14:27:48 ERROR    discord.app_commands.tree Ignoring exception in command 'convert_ai'
Traceback (most recent call last):
  File "/home/runner/workspace/.pythonlibs/lib/python3.11/site-packages/discord/app_commands/commands.py", line 827, in _do_call
    return await self._callback(self.binding, interaction, **params)  # type: ignore
           ^^^^^^^^^^^^^^^^^^^^^^^^^^^^^^^^^^^^^^^^^^^^^^^^^^^^^^^^^
  File "/home/runner/workspace/cogs/premium.py", line 121, in convert_ai
    await interaction.response.send_message(f"âœ… Converted {amount} pCredit(s) to **{amount * PCREDIT_TO_AICREDIT_RATE} AI Credits**!", ephemeral=True)
  File "/home/runner/workspace/.pythonlibs/lib/python3.11/site-packages/discord/interactions.py", line 801, in send_message
    await adapter.create_interaction_response(
  File "/home/runner/workspace/.pythonlibs/lib/python3.11/site-packages/discord/webhook/async_.py", line 219, in request
    raise NotFound(response, data)
discord.errors.NotFound: 404 Not Found (error code: 10062): Unknown interaction

The above exception was the direct cause of the following exception:

Traceback (most recent call last):
  File "/home/runner/workspace/.pythonlibs/lib/python3.11/site-packages/discord/app_commands/tree.py", line 1248, in _call
    await command._invoke_with_namespace(interaction, namespace)
  File "/home/runner/workspace/.pythonlibs/lib/python3.11/site-packages/discord/app_commands/commands.py", line 853, in _invoke_with_namespace
    return await self._do_call(interaction, transformed_values)
           ^^^^^^^^^^^^^^^^^^^^^^^^^^^^^^^^^^^^^^^^^^^^^^^^^^^^
  File "/home/runner/workspace/.pythonlibs/lib/python3.11/site-packages/discord/app_commands/commands.py", line 846, in _do_call
    raise CommandInvokeError(self, e) from e
discord.app_commands.errors.CommandInvokeError: Command 'convert_ai' raised an exception: NotFound: 404 Not Found (error code: 10062): Unknown interaction
2026-02-10 14:28:12 ERROR    discord.app_commands.tree Ignoring exception in command 'convert_ai'
Traceback (most recent call last):
  File "/home/runner/workspace/.pythonlibs/lib/python3.11/site-packages/discord/app_commands/commands.py", line 827, in _do_call
    return await self._callback(self.binding, interaction, **params)  # type: ignore
           ^^^^^^^^^^^^^^^^^^^^^^^^^^^^^^^^^^^^^^^^^^^^^^^^^^^^^^^^^
  File "/home/runner/workspace/cogs/premium.py", line 121, in convert_ai
    await interaction.response.send_message(f"âœ… Converted {amount} pCredit(s) to **{amount * PCREDIT_TO_AICREDIT_RATE} AI Credits**!", ephemeral=True)
  File "/home/runner/workspace/.pythonlibs/lib/python3.11/site-packages/discord/interactions.py", line 801, in send_message
    await adapter.create_interaction_response(
  File "/home/runner/workspace/.pythonlibs/lib/python3.11/site-packages/discord/webhook/async_.py", line 219, in request
    raise NotFound(response, data)
discord.errors.NotFound: 404 Not Found (error code: 10062): Unknown interaction

The above exception was the direct cause of the following exception:

Traceback (most recent call last):
  File "/home/runner/workspace/.pythonlibs/lib/python3.11/site-packages/discord/app_commands/tree.py", line 1248, in _call
    await command._invoke_with_namespace(interaction, namespace)
  File "/home/runner/workspace/.pythonlibs/lib/python3.11/site-packages/discord/app_commands/commands.py", line 853, in _invoke_with_namespace
    return await self._do_call(interaction, transformed_values)
           ^^^^^^^^^^^^^^^^^^^^^^^^^^^^^^^^^^^^^^^^^^^^^^^^^^^^
  File "/home/runner/workspace/.pythonlibs/lib/python3.11/site-packages/discord/app_commands/commands.py", line 846, in _do_call
    raise CommandInvokeError(self, e) from e
discord.app_commands.errors.CommandInvokeError: Command 'convert_ai' raised an exception: NotFound: 404 Not Found (error code: 10062): Unknown interaction
2026-02-10 14:28:55 ERROR    discord.app_commands.tree Ignoring exception in command 'temp_chat_ai'
Traceback (most recent call last):
  File "/home/runner/workspace/.pythonlibs/lib/python3.11/site-packages/discord/app_commands/commands.py", line 827, in _do_call
    return await self._callback(self.binding, interaction, **params)  # type: ignore
           ^^^^^^^^^^^^^^^^^^^^^^^^^^^^^^^^^^^^^^^^^^^^^^^^^^^^^^^^^
  File "/home/runner/workspace/cogs/premium.py", line 161, in temp_chat
    await interaction.response.send_message(f"âœ… Secret AI channel created: {channel.mention}. It will be deleted in 1 hour.", ephemeral=True)
  File "/home/runner/workspace/.pythonlibs/lib/python3.11/site-packages/discord/interactions.py", line 801, in send_message
    await adapter.create_interaction_response(
  File "/home/runner/workspace/.pythonlibs/lib/python3.11/site-packages/discord/webhook/async_.py", line 219, in request
    raise NotFound(response, data)
discord.errors.NotFound: 404 Not Found (error code: 10062): Unknown interaction

The above exception was the direct cause of the following exception:

Traceback (most recent call last):
  File "/home/runner/workspace/.pythonlibs/lib/python3.11/site-packages/discord/app_commands/tree.py", line 1248, in _call
    await command._invoke_with_namespace(interaction, namespace)
  File "/home/runner/workspace/.pythonlibs/lib/python3.11/site-packages/discord/app_commands/commands.py", line 853, in _invoke_with_namespace
    return await self._do_call(interaction, transformed_values)
           ^^^^^^^^^^^^^^^^^^^^^^^^^^^^^^^^^^^^^^^^^^^^^^^^^^^^
  File "/home/runner/workspace/.pythonlibs/lib/python3.11/site-packages/discord/app_commands/commands.py", line 846, in _do_call
    raise CommandInvokeError(self, e) from e
discord.app_commands.errors.CommandInvokeError: Command 'temp_chat_ai' raised an exception: NotFound: 404 Not Found (error code: 10062): Unknown interaction
2026-02-10 14:41:25 ERROR    discord.ui.view Ignoring exception in view <TeamSelectionView timeout=60 children=3> for item <Button style=<ButtonStyle.primary: 1> url=None disabled=False label='My Teams' emoji=<PartialEmoji animated=False name='ðŸ“Š' id=None> row=None>
Traceback (most recent call last):
  File "/home/runner/workspace/.pythonlibs/lib/python3.11/site-packages/discord/ui/view.py", line 427, in _scheduled_task
    await item.callback(interaction)
  File "/home/runner/workspace/cogs/team.py", line 226, in my_teams
    teams = await TeamData.get_user_teams(self.user_id)
                  ^^^^^^^^^^^^^^^^^^^^^^^
AttributeError: type object 'TeamData' has no attribute 'get_user_teams'
2026-02-10 14:47:36 ERROR    discord.ui.view Ignoring exception in view <SellView timeout=120 children=4> for item <Button style=<ButtonStyle.primary: 1> url=None disabled=False label='Sell Code' emoji=<PartialEmoji animated=False name='ðŸ“' id=None> row=None>
Traceback (most recent call last):
  File "/home/runner/workspace/.pythonlibs/lib/python3.11/site-packages/discord/ui/view.py", line 427, in _scheduled_task
    await item.callback(interaction)
  File "/home/runner/workspace/cogs/shop.py", line 206, in sell_code
    can_sell, reason = await MarketplaceData.can_user_sell(self.user_id)
                             ^^^^^^^^^^^^^^^^^^^^^^^^^^^^^
AttributeError: type object 'MarketplaceData' has no attribute 'can_user_sell'
2026-02-10 14:47:43 ERROR    discord.ui.view Ignoring exception in view <SellView timeout=120 children=4> for item <Button style=<ButtonStyle.success: 3> url=None disabled=False label='Sell Build' emoji=<PartialEmoji animated=False name='ðŸ—ï¸' id=None> row=None>
Traceback (most recent call last):
  File "/home/runner/workspace/.pythonlibs/lib/python3.11/site-packages/discord/ui/view.py", line 427, in _scheduled_task
    await item.callback(interaction)
  File "/home/runner/workspace/cogs/shop.py", line 221, in sell_build
    can_sell, reason = await MarketplaceData.can_user_sell(self.user_id)
                             ^^^^^^^^^^^^^^^^^^^^^^^^^^^^^
AttributeError: type object 'MarketplaceData' has no attribute 'can_user_sell'
2026-02-10 14:50:36 ERROR    discord.ui.view Ignoring exception in view <LearnPersistentPanel timeout=None children=5> for item <Button style=<ButtonStyle.success: 3> url=None disabled=False label='Start Lesson' emoji=<PartialEmoji animated=False name='â–¶ï¸' id=None> row=None>
Traceback (most recent call last):
  File "/home/runner/workspace/.pythonlibs/lib/python3.11/site-packages/discord/ui/view.py", line 427, in _scheduled_task
    await item.callback(interaction)
  File "/home/runner/workspace/cogs/learn.py", line 1929, in start
    await self.cog.send_lesson(interaction.channel, session, repeat=False)
  File "/home/runner/workspace/cogs/learn.py", line 2164, in send_lesson
    await self._send_lesson_introduction(channel, session, lesson)
  File "/home/runner/workspace/cogs/learn.py", line 2228, in _send_lesson_introduction
    await append_conversation(session.user_id, "assistant", f"INTRO: {content[:1500]}")
  File "/home/runner/workspace/cogs/learn.py", line 1741, in append_conversation
    if len(conv) > MAX_CONVERSATION_MESSAGES:
                   ^^^^^^^^^^^^^^^^^^^^^^^^^
NameError: name 'MAX_CONVERSATION_MESSAGES' is not defined
âœ“ Assigned role Animator to hsusulist
âœ“ Assigned role Animator to hsusulist
âœ“ Assigned role Scripter to hsusulist
âœ“ Assigned role UI Designer to hsusulist
2026-02-10 14:55:37 ERROR    discord.client Ignoring exception in on_message
Traceback (most recent call last):
  File "/home/runner/workspace/.pythonlibs/lib/python3.11/site-packages/discord/client.py", line 441, in _run_event
    await coro(*args, **kwargs)
  File "/home/runner/workspace/cogs/learn.py", line 2900, in on_message
    await append_conversation(owner_id, "user", raw)
  File "/home/runner/workspace/cogs/learn.py", line 1741, in append_conversation
    if len(conv) > MAX_CONVERSATION_MESSAGES:
                   ^^^^^^^^^^^^^^^^^^^^^^^^^
NameError: name 'MAX_CONVERSATION_MESSAGES' is not defined
2026-02-10 14:56:17 ERROR    discord.client Ignoring exception in on_message
Traceback (most recent call last):
  File "/home/runner/workspace/.pythonlibs/lib/python3.11/site-packages/discord/client.py", line 441, in _run_event
    await coro(*args, **kwargs)
  File "/home/runner/workspace/cogs/premium.py", line 192, in on_message
    await message.reply(response)
  File "/home/runner/workspace/.pythonlibs/lib/python3.11/site-packages/discord/message.py", line 1384, in reply
    return await self.channel.send(content, reference=self, **kwargs)
           ^^^^^^^^^^^^^^^^^^^^^^^^^^^^^^^^^^^^^^^^^^^^^^^^^^^^^^^^^^
  File "/home/runner/workspace/.pythonlibs/lib/python3.11/site-packages/discord/abc.py", line 1561, in send
    data = await state.http.send_message(channel.id, params=params)
           ^^^^^^^^^^^^^^^^^^^^^^^^^^^^^^^^^^^^^^^^^^^^^^^^^^^^^^^^
  File "/home/runner/workspace/.pythonlibs/lib/python3.11/site-packages/discord/http.py", line 745, in request
    raise HTTPException(response, data)
discord.errors.HTTPException: 400 Bad Request (error code: 50035): Invalid Form Body
In content: Must be 4000 or fewer in length.
2026-02-10 14:57:20 ERROR    discord.client Ignoring exception in on_message
Traceback (most recent call last):
  File "/home/runner/workspace/.pythonlibs/lib/python3.11/site-packages/discord/client.py", line 441, in _run_event
    await coro(*args, **kwargs)
  File "/home/runner/workspace/cogs/premium.py", line 192, in on_message
    await message.reply(response)
  File "/home/runner/workspace/.pythonlibs/lib/python3.11/site-packages/discord/message.py", line 1384, in reply
    return await self.channel.send(content, reference=self, **kwargs)
           ^^^^^^^^^^^^^^^^^^^^^^^^^^^^^^^^^^^^^^^^^^^^^^^^^^^^^^^^^^
  File "/home/runner/workspace/.pythonlibs/lib/python3.11/site-packages/discord/abc.py", line 1561, in send
    data = await state.http.send_message(channel.id, params=params)
           ^^^^^^^^^^^^^^^^^^^^^^^^^^^^^^^^^^^^^^^^^^^^^^^^^^^^^^^^
  File "/home/runner/workspace/.pythonlibs/lib/python3.11/site-packages/discord/http.py", line 745, in request
    raise HTTPException(response, data)
discord.errors.HTTPException: 400 Bad Request (error code: 50035): Invalid Form Body
In content: Must be 2000 or fewer in length.